This file contains any messages produced by compilers while
running configure, to aid debugging if configure makes a mistake.

It was created by R configure 3.4.0, which was
generated by GNU Autoconf 2.69.  Invocation command line was

  $ ./configure --prefix /var/www/html/research/andrej_alexeyenko/HyperSet/R/lib/rdevel --without-x

## --------- ##
## Platform. ##
## --------- ##

hostname = b4.scilifelab.se
uname -m = x86_64
uname -r = 2.6.32-573.22.1.el6.x86_64
uname -s = Linux
uname -v = #1 SMP Tue Mar 22 17:15:28 CDT 2016

/usr/bin/uname -p = unknown
/bin/uname -X     = unknown

/bin/arch              = x86_64
/usr/bin/arch -k       = unknown
/usr/convex/getsysinfo = unknown
/usr/bin/hostinfo      = unknown
/bin/machine           = unknown
/usr/bin/oslevel       = unknown
/bin/universe          = unknown

PATH: /usr/local/bin
PATH: /usr/local/rbenv/shims
PATH: /usr/local/rbenv/bin
PATH: /usr/local/bin
PATH: /bin
PATH: /usr/bin
PATH: /usr/local/sbin
PATH: /usr/sbin
PATH: /sbin
PATH: /opt/dell/srvadmin/bin
PATH: /home/ashwini.jeggari/bin


## ----------- ##
## Core tests. ##
## ----------- ##

configure:3562: checking build system type
configure:3576: result: x86_64-pc-linux-gnu
configure:3596: checking host system type
configure:3609: result: x86_64-pc-linux-gnu
configure:4307: checking for pwd
configure:4325: found /bin/pwd
configure:4338: result: /bin/pwd
configure:4346: checking whether builddir is srcdir
configure:4354: result: yes
configure:4359: checking for working aclocal
configure:4363: result: found
configure:4372: checking for working autoconf
configure:4376: result: found
configure:4385: checking for working automake
configure:4389: result: found
configure:4398: checking for working autoheader
configure:4402: result: found
configure:4411: checking whether ln -s works
configure:4415: result: yes
configure:4426: checking for bison
configure:4442: found /usr/bin/bison
configure:4453: result: bison -y
configure:4469: checking for ar
configure:4485: found /usr/bin/ar
configure:4496: result: ar
configure:4524: checking for a BSD-compatible install
configure:4592: result: /usr/bin/install -c
configure:4627: checking for sed
configure:4646: found /bin/sed
configure:4658: result: /bin/sed
configure:4676: checking for which
configure:4694: found /usr/bin/which
configure:4706: result: /usr/bin/which
configure:4726: checking for less
configure:4744: found /usr/bin/less
configure:4756: result: /usr/bin/less
configure:4779: checking for gtar
configure:4797: found /bin/gtar
configure:4809: result: /bin/gtar
configure:4831: checking for tex
configure:4849: found /usr/bin/tex
configure:4861: result: /usr/bin/tex
configure:4876: checking for pdftex
configure:4894: found /usr/bin/pdftex
configure:4906: result: /usr/bin/pdftex
configure:4926: checking for pdflatex
configure:4944: found /usr/bin/pdflatex
configure:4956: result: /usr/bin/pdflatex
configure:4976: checking for makeindex
configure:4994: found /usr/bin/makeindex
configure:5006: result: /usr/bin/makeindex
configure:5021: checking for texi2any
configure:5054: result: no
configure:5143: WARNING: you cannot build info or HTML versions of the R manuals
configure:5154: checking for texi2dvi
configure:5172: found /usr/bin/texi2dvi
configure:5184: result: /usr/bin/texi2dvi
configure:5204: checking for kpsewhich
configure:5222: found /usr/bin/kpsewhich
configure:5234: result: /usr/bin/kpsewhich
configure:5246: checking for latex inconsolata package
configure:5262: result: missing
configure:5265: WARNING: neither inconsolata.sty nor zi4.sty found: PDF vignettes and package manuals will not be rendered optimally
configure:5279: checking for unzip
configure:5297: found /usr/bin/unzip
configure:5309: result: /usr/bin/unzip
configure:5325: checking for zip
configure:5343: found /usr/bin/zip
configure:5355: result: /usr/bin/zip
configure:5371: checking for gzip
configure:5389: found /bin/gzip
configure:5401: result: /bin/gzip
configure:5417: checking for bzip2
configure:5435: found /usr/bin/bzip2
configure:5447: result: /usr/bin/bzip2
configure:5465: checking for firefox
configure:5483: found /usr/bin/firefox
configure:5495: result: /usr/bin/firefox
configure:5512: result: using default browser ... /usr/bin/firefox
configure:5522: checking for acroread
configure:5555: result: no
configure:5522: checking for acroread4
configure:5555: result: no
configure:5522: checking for xdg-open
configure:5540: found /usr/bin/xdg-open
configure:5552: result: /usr/bin/xdg-open
configure:5573: checking for notangle
configure:5604: result: false
configure:5615: checking for realpath
configure:5646: result: false
configure:5659: checking for pkg-config
configure:5678: found /usr/bin/pkg-config
configure:5690: result: /usr/bin/pkg-config
configure:5750: checking for gcc
configure:5766: found /usr/bin/gcc
configure:5777: result: gcc
configure:6006: checking for C compiler version
configure:6015: gcc --version >&5
gcc (GCC) 4.4.7 20120313 (Red Hat 4.4.7-16)
Copyright (C) 2010 Free Software Foundation, Inc.
This is free software; see the source for copying conditions.  There is NO
warranty; not even for MERCHANTABILITY or FITNESS FOR A PARTICULAR PURPOSE.

configure:6026: $? = 0
configure:6015: gcc -v >&5
Using built-in specs.
Target: x86_64-redhat-linux
Configured with: ../configure --prefix=/usr --mandir=/usr/share/man --infodir=/usr/share/info --with-bugurl=http://bugzilla.redhat.com/bugzilla --enable-bootstrap --enable-shared --enable-threads=posix --enable-checking=release --with-system-zlib --enable-__cxa_atexit --disable-libunwind-exceptions --enable-gnu-unique-object --enable-languages=c,c++,objc,obj-c++,java,fortran,ada --enable-java-awt=gtk --disable-dssi --with-java-home=/usr/lib/jvm/java-1.5.0-gcj-1.5.0.0/jre --enable-libgcj-multifile --enable-java-maintainer-mode --with-ecj-jar=/usr/share/java/eclipse-ecj.jar --disable-libjava-multilib --with-ppl --with-cloog --with-tune=generic --with-arch_32=i686 --build=x86_64-redhat-linux
Thread model: posix
gcc version 4.4.7 20120313 (Red Hat 4.4.7-16) (GCC) 
configure:6026: $? = 0
configure:6015: gcc -V >&5
gcc: '-V' option must have argument
configure:6026: $? = 1
configure:6015: gcc -qversion >&5
gcc: unrecognized option '-qversion'
gcc: no input files
configure:6026: $? = 1
configure:6046: checking whether the C compiler works
configure:6068: gcc  -I/usr/local/include -L/usr/local/lib64 conftest.c  >&5
configure:6072: $? = 0
configure:6120: result: yes
configure:6123: checking for C compiler default output file name
configure:6125: result: a.out
configure:6131: checking for suffix of executables
configure:6138: gcc -o conftest  -I/usr/local/include -L/usr/local/lib64 conftest.c  >&5
configure:6142: $? = 0
configure:6164: result: 
configure:6186: checking whether we are cross compiling
configure:6194: gcc -o conftest  -I/usr/local/include -L/usr/local/lib64 conftest.c  >&5
configure:6198: $? = 0
configure:6205: ./conftest
configure:6209: $? = 0
configure:6224: result: no
configure:6229: checking for suffix of object files
configure:6251: gcc -c  -I/usr/local/include conftest.c >&5
configure:6255: $? = 0
configure:6276: result: o
configure:6280: checking whether we are using the GNU C compiler
configure:6299: gcc -c  -I/usr/local/include conftest.c >&5
configure:6299: $? = 0
configure:6308: result: yes
configure:6317: checking whether gcc accepts -g
configure:6337: gcc -c -g -I/usr/local/include conftest.c >&5
configure:6337: $? = 0
configure:6378: result: yes
configure:6395: checking for gcc option to accept ISO C89
configure:6458: gcc  -c -g -O2 -I/usr/local/include conftest.c >&5
configure:6458: $? = 0
configure:6471: result: none needed
configure:6498: checking how to run the C preprocessor
configure:6529: gcc -E -I/usr/local/include conftest.c
configure:6529: $? = 0
configure:6543: gcc -E -I/usr/local/include conftest.c
conftest.c:17:28: error: ac_nonexistent.h: No such file or directory
configure:6543: $? = 1
configure: failed program was:
| /* confdefs.h */
| #define PACKAGE_NAME "R"
| #define PACKAGE_TARNAME "R"
| #define PACKAGE_VERSION "3.4.0"
| #define PACKAGE_STRING "R 3.4.0"
| #define PACKAGE_BUGREPORT "https://bugs.r-project.org"
| #define PACKAGE_URL "https://www.r-project.org"
| #define PACKAGE "R"
| #define VERSION "3.4.0"
| #define R_PLATFORM "x86_64-pc-linux-gnu"
| #define R_CPU "x86_64"
| #define R_VENDOR "pc"
| #define R_OS "linux-gnu"
| #define Unix 1
| #define R_ARCH ""
| /* end confdefs.h.  */
| #include <ac_nonexistent.h>
configure:6568: result: gcc -E
configure:6588: gcc -E -I/usr/local/include conftest.c
configure:6588: $? = 0
configure:6602: gcc -E -I/usr/local/include conftest.c
conftest.c:17:28: error: ac_nonexistent.h: No such file or directory
configure:6602: $? = 1
configure: failed program was:
| /* confdefs.h */
| #define PACKAGE_NAME "R"
| #define PACKAGE_TARNAME "R"
| #define PACKAGE_VERSION "3.4.0"
| #define PACKAGE_STRING "R 3.4.0"
| #define PACKAGE_BUGREPORT "https://bugs.r-project.org"
| #define PACKAGE_URL "https://www.r-project.org"
| #define PACKAGE "R"
| #define VERSION "3.4.0"
| #define R_PLATFORM "x86_64-pc-linux-gnu"
| #define R_CPU "x86_64"
| #define R_VENDOR "pc"
| #define R_OS "linux-gnu"
| #define Unix 1
| #define R_ARCH ""
| /* end confdefs.h.  */
| #include <ac_nonexistent.h>
configure:6631: checking for grep that handles long lines and -e
configure:6689: result: /bin/grep
configure:6694: checking for egrep
configure:6756: result: /bin/grep -E
configure:6762: checking whether gcc needs -traditional
configure:6796: result: no
configure:6808: checking how to run the C preprocessor
configure:6878: result: gcc -E
configure:6898: gcc -E -I/usr/local/include conftest.c
configure:6898: $? = 0
configure:6912: gcc -E -I/usr/local/include conftest.c
conftest.c:17:28: error: ac_nonexistent.h: No such file or directory
configure:6912: $? = 1
configure: failed program was:
| /* confdefs.h */
| #define PACKAGE_NAME "R"
| #define PACKAGE_TARNAME "R"
| #define PACKAGE_VERSION "3.4.0"
| #define PACKAGE_STRING "R 3.4.0"
| #define PACKAGE_BUGREPORT "https://bugs.r-project.org"
| #define PACKAGE_URL "https://www.r-project.org"
| #define PACKAGE "R"
| #define VERSION "3.4.0"
| #define R_PLATFORM "x86_64-pc-linux-gnu"
| #define R_CPU "x86_64"
| #define R_VENDOR "pc"
| #define R_OS "linux-gnu"
| #define Unix 1
| #define R_ARCH ""
| /* end confdefs.h.  */
| #include <ac_nonexistent.h>
configure:7008: checking for gfortran
configure:7024: found /usr/bin/gfortran
configure:7035: result: gfortran
configure:7156: checking for Fortran 77 compiler version
configure:7165: gfortran --version >&5
GNU Fortran (GCC) 4.4.7 20120313 (Red Hat 4.4.7-16)
Copyright (C) 2010 Free Software Foundation, Inc.

GNU Fortran comes with NO WARRANTY, to the extent permitted by law.
You may redistribute copies of GNU Fortran
under the terms of the GNU General Public License.
For more information about these matters, see the file named COPYING

configure:7176: $? = 0
configure:7165: gfortran -v >&5
Using built-in specs.
Target: x86_64-redhat-linux
Configured with: ../configure --prefix=/usr --mandir=/usr/share/man --infodir=/usr/share/info --with-bugurl=http://bugzilla.redhat.com/bugzilla --enable-bootstrap --enable-shared --enable-threads=posix --enable-checking=release --with-system-zlib --enable-__cxa_atexit --disable-libunwind-exceptions --enable-gnu-unique-object --enable-languages=c,c++,objc,obj-c++,java,fortran,ada --enable-java-awt=gtk --disable-dssi --with-java-home=/usr/lib/jvm/java-1.5.0-gcj-1.5.0.0/jre --enable-libgcj-multifile --enable-java-maintainer-mode --with-ecj-jar=/usr/share/java/eclipse-ecj.jar --disable-libjava-multilib --with-ppl --with-cloog --with-tune=generic --with-arch_32=i686 --build=x86_64-redhat-linux
Thread model: posix
gcc version 4.4.7 20120313 (Red Hat 4.4.7-16) (GCC) 
configure:7176: $? = 0
configure:7165: gfortran -V >&5
gfortran: '-V' option must have argument
configure:7176: $? = 1
configure:7165: gfortran -qversion >&5
gfortran: unrecognized option '-qversion'
gfortran: no input files
configure:7176: $? = 1
configure:7185: checking whether we are using the GNU Fortran 77 compiler
configure:7198: gfortran -c  conftest.F >&5
configure:7198: $? = 0
configure:7207: result: yes
configure:7213: checking whether gfortran accepts -g
configure:7224: gfortran -c -g conftest.f >&5
configure:7224: $? = 0
configure:7232: result: yes
configure:7323: checking for g++
configure:7339: found /usr/bin/g++
configure:7350: result: g++
configure:7377: checking for C++ compiler version
configure:7386: g++ --version >&5
g++ (GCC) 4.4.7 20120313 (Red Hat 4.4.7-16)
Copyright (C) 2010 Free Software Foundation, Inc.
This is free software; see the source for copying conditions.  There is NO
warranty; not even for MERCHANTABILITY or FITNESS FOR A PARTICULAR PURPOSE.

configure:7397: $? = 0
configure:7386: g++ -v >&5
Using built-in specs.
Target: x86_64-redhat-linux
Configured with: ../configure --prefix=/usr --mandir=/usr/share/man --infodir=/usr/share/info --with-bugurl=http://bugzilla.redhat.com/bugzilla --enable-bootstrap --enable-shared --enable-threads=posix --enable-checking=release --with-system-zlib --enable-__cxa_atexit --disable-libunwind-exceptions --enable-gnu-unique-object --enable-languages=c,c++,objc,obj-c++,java,fortran,ada --enable-java-awt=gtk --disable-dssi --with-java-home=/usr/lib/jvm/java-1.5.0-gcj-1.5.0.0/jre --enable-libgcj-multifile --enable-java-maintainer-mode --with-ecj-jar=/usr/share/java/eclipse-ecj.jar --disable-libjava-multilib --with-ppl --with-cloog --with-tune=generic --with-arch_32=i686 --build=x86_64-redhat-linux
Thread model: posix
gcc version 4.4.7 20120313 (Red Hat 4.4.7-16) (GCC) 
configure:7397: $? = 0
configure:7386: g++ -V >&5
g++: '-V' option must have argument
configure:7397: $? = 1
configure:7386: g++ -qversion >&5
g++: unrecognized option '-qversion'
g++: no input files
configure:7397: $? = 1
configure:7401: checking whether we are using the GNU C++ compiler
configure:7420: g++ -c  -I/usr/local/include conftest.cpp >&5
configure:7420: $? = 0
configure:7429: result: yes
configure:7438: checking whether g++ accepts -g
configure:7458: g++ -c -g -I/usr/local/include conftest.cpp >&5
configure:7458: $? = 0
configure:7499: result: yes
configure:7527: checking how to run the C++ preprocessor
configure:7554: g++ -E -I/usr/local/include conftest.cpp
configure:7554: $? = 0
configure:7568: g++ -E -I/usr/local/include conftest.cpp
conftest.cpp:17:28: error: ac_nonexistent.h: No such file or directory
configure:7568: $? = 1
configure: failed program was:
| /* confdefs.h */
| #define PACKAGE_NAME "R"
| #define PACKAGE_TARNAME "R"
| #define PACKAGE_VERSION "3.4.0"
| #define PACKAGE_STRING "R 3.4.0"
| #define PACKAGE_BUGREPORT "https://bugs.r-project.org"
| #define PACKAGE_URL "https://www.r-project.org"
| #define PACKAGE "R"
| #define VERSION "3.4.0"
| #define R_PLATFORM "x86_64-pc-linux-gnu"
| #define R_CPU "x86_64"
| #define R_VENDOR "pc"
| #define R_OS "linux-gnu"
| #define Unix 1
| #define R_ARCH ""
| /* end confdefs.h.  */
| #include <ac_nonexistent.h>
configure:7593: result: g++ -E
configure:7613: g++ -E -I/usr/local/include conftest.cpp
configure:7613: $? = 0
configure:7627: g++ -E -I/usr/local/include conftest.cpp
conftest.cpp:17:28: error: ac_nonexistent.h: No such file or directory
configure:7627: $? = 1
configure: failed program was:
| /* confdefs.h */
| #define PACKAGE_NAME "R"
| #define PACKAGE_TARNAME "R"
| #define PACKAGE_VERSION "3.4.0"
| #define PACKAGE_STRING "R 3.4.0"
| #define PACKAGE_BUGREPORT "https://bugs.r-project.org"
| #define PACKAGE_URL "https://www.r-project.org"
| #define PACKAGE "R"
| #define VERSION "3.4.0"
| #define R_PLATFORM "x86_64-pc-linux-gnu"
| #define R_CPU "x86_64"
| #define R_VENDOR "pc"
| #define R_OS "linux-gnu"
| #define Unix 1
| #define R_ARCH ""
| /* end confdefs.h.  */
| #include <ac_nonexistent.h>
configure:7661: checking whether __attribute__((visibility())) is supported
configure:7672: gcc -Werror -S conftest.c -o conftest.s 1>&5
configure:7675: $? = 0
configure:7684: result: yes
configure:7695: checking whether gcc accepts -fvisibility
configure:7711: gcc -c -g -O2 -fvisibility=hidden -I/usr/local/include conftest.c >&5
configure:7711: $? = 0
configure:7718: result: yes
configure:7743: checking whether gfortran accepts -fvisibility
configure:7753: gfortran -c -g -O2 -fvisibility=hidden conftest.f >&5
configure:7753: $? = 0
configure:7760: result: yes
configure:7783: checking for ANSI C header files
configure:7803: gcc -c -g -O2 -I/usr/local/include conftest.c >&5
configure:7803: $? = 0
configure:7876: gcc -o conftest -g -O2 -I/usr/local/include -L/usr/local/lib64 conftest.c  >&5
configure:7876: $? = 0
configure:7876: ./conftest
configure:7876: $? = 0
configure:7887: result: yes
configure:7900: checking for sys/types.h
configure:7900: gcc -c -g -O2 -I/usr/local/include conftest.c >&5
configure:7900: $? = 0
configure:7900: result: yes
configure:7900: checking for sys/stat.h
configure:7900: gcc -c -g -O2 -I/usr/local/include conftest.c >&5
configure:7900: $? = 0
configure:7900: result: yes
configure:7900: checking for stdlib.h
configure:7900: gcc -c -g -O2 -I/usr/local/include conftest.c >&5
configure:7900: $? = 0
configure:7900: result: yes
configure:7900: checking for string.h
configure:7900: gcc -c -g -O2 -I/usr/local/include conftest.c >&5
configure:7900: $? = 0
configure:7900: result: yes
configure:7900: checking for memory.h
configure:7900: gcc -c -g -O2 -I/usr/local/include conftest.c >&5
configure:7900: $? = 0
configure:7900: result: yes
configure:7900: checking for strings.h
configure:7900: gcc -c -g -O2 -I/usr/local/include conftest.c >&5
configure:7900: $? = 0
configure:7900: result: yes
configure:7900: checking for inttypes.h
configure:7900: gcc -c -g -O2 -I/usr/local/include conftest.c >&5
configure:7900: $? = 0
configure:7900: result: yes
configure:7900: checking for stdint.h
configure:7900: gcc -c -g -O2 -I/usr/local/include conftest.c >&5
configure:7900: $? = 0
configure:7900: result: yes
configure:7900: checking for unistd.h
configure:7900: gcc -c -g -O2 -I/usr/local/include conftest.c >&5
configure:7900: $? = 0
configure:7900: result: yes
configure:7913: checking minix/config.h usability
configure:7913: gcc -c -g -O2 -I/usr/local/include conftest.c >&5
conftest.c:61:26: error: minix/config.h: No such file or directory
configure:7913: $? = 1
configure: failed program was:
| /* confdefs.h */
| #define PACKAGE_NAME "R"
| #define PACKAGE_TARNAME "R"
| #define PACKAGE_VERSION "3.4.0"
| #define PACKAGE_STRING "R 3.4.0"
| #define PACKAGE_BUGREPORT "https://bugs.r-project.org"
| #define PACKAGE_URL "https://www.r-project.org"
| #define PACKAGE "R"
| #define VERSION "3.4.0"
| #define R_PLATFORM "x86_64-pc-linux-gnu"
| #define R_CPU "x86_64"
| #define R_VENDOR "pc"
| #define R_OS "linux-gnu"
| #define Unix 1
| #define R_ARCH ""
| #define HAVE_VISIBILITY_ATTRIBUTE 1
| #define STDC_HEADERS 1
| #define HAVE_SYS_TYPES_H 1
| #define HAVE_SYS_STAT_H 1
| #define HAVE_STDLIB_H 1
| #define HAVE_STRING_H 1
| #define HAVE_MEMORY_H 1
| #define HAVE_STRINGS_H 1
| #define HAVE_INTTYPES_H 1
| #define HAVE_STDINT_H 1
| #define HAVE_UNISTD_H 1
| /* end confdefs.h.  */
| #include <stdio.h>
| #ifdef HAVE_SYS_TYPES_H
| # include <sys/types.h>
| #endif
| #ifdef HAVE_SYS_STAT_H
| # include <sys/stat.h>
| #endif
| #ifdef STDC_HEADERS
| # include <stdlib.h>
| # include <stddef.h>
| #else
| # ifdef HAVE_STDLIB_H
| #  include <stdlib.h>
| # endif
| #endif
| #ifdef HAVE_STRING_H
| # if !defined STDC_HEADERS && defined HAVE_MEMORY_H
| #  include <memory.h>
| # endif
| # include <string.h>
| #endif
| #ifdef HAVE_STRINGS_H
| # include <strings.h>
| #endif
| #ifdef HAVE_INTTYPES_H
| # include <inttypes.h>
| #endif
| #ifdef HAVE_STDINT_H
| # include <stdint.h>
| #endif
| #ifdef HAVE_UNISTD_H
| # include <unistd.h>
| #endif
| #include <minix/config.h>
configure:7913: result: no
configure:7913: checking minix/config.h presence
configure:7913: gcc -E -I/usr/local/include conftest.c
conftest.c:28:26: error: minix/config.h: No such file or directory
configure:7913: $? = 1
configure: failed program was:
| /* confdefs.h */
| #define PACKAGE_NAME "R"
| #define PACKAGE_TARNAME "R"
| #define PACKAGE_VERSION "3.4.0"
| #define PACKAGE_STRING "R 3.4.0"
| #define PACKAGE_BUGREPORT "https://bugs.r-project.org"
| #define PACKAGE_URL "https://www.r-project.org"
| #define PACKAGE "R"
| #define VERSION "3.4.0"
| #define R_PLATFORM "x86_64-pc-linux-gnu"
| #define R_CPU "x86_64"
| #define R_VENDOR "pc"
| #define R_OS "linux-gnu"
| #define Unix 1
| #define R_ARCH ""
| #define HAVE_VISIBILITY_ATTRIBUTE 1
| #define STDC_HEADERS 1
| #define HAVE_SYS_TYPES_H 1
| #define HAVE_SYS_STAT_H 1
| #define HAVE_STDLIB_H 1
| #define HAVE_STRING_H 1
| #define HAVE_MEMORY_H 1
| #define HAVE_STRINGS_H 1
| #define HAVE_INTTYPES_H 1
| #define HAVE_STDINT_H 1
| #define HAVE_UNISTD_H 1
| /* end confdefs.h.  */
| #include <minix/config.h>
configure:7913: result: no
configure:7913: checking for minix/config.h
configure:7913: result: no
configure:7934: checking whether it is safe to define __EXTENSIONS__
configure:7952: gcc -c -g -O2 -I/usr/local/include conftest.c >&5
configure:7952: $? = 0
configure:7959: result: yes
configure:8029: checking for gcc
configure:8045: found /usr/bin/gcc
configure:8056: result: gcc
configure:8081: checking for Objective C compiler version
configure:8090: gcc --version >&5
gcc (GCC) 4.4.7 20120313 (Red Hat 4.4.7-16)
Copyright (C) 2010 Free Software Foundation, Inc.
This is free software; see the source for copying conditions.  There is NO
warranty; not even for MERCHANTABILITY or FITNESS FOR A PARTICULAR PURPOSE.

configure:8101: $? = 0
configure:8090: gcc -v >&5
Using built-in specs.
Target: x86_64-redhat-linux
Configured with: ../configure --prefix=/usr --mandir=/usr/share/man --infodir=/usr/share/info --with-bugurl=http://bugzilla.redhat.com/bugzilla --enable-bootstrap --enable-shared --enable-threads=posix --enable-checking=release --with-system-zlib --enable-__cxa_atexit --disable-libunwind-exceptions --enable-gnu-unique-object --enable-languages=c,c++,objc,obj-c++,java,fortran,ada --enable-java-awt=gtk --disable-dssi --with-java-home=/usr/lib/jvm/java-1.5.0-gcj-1.5.0.0/jre --enable-libgcj-multifile --enable-java-maintainer-mode --with-ecj-jar=/usr/share/java/eclipse-ecj.jar --disable-libjava-multilib --with-ppl --with-cloog --with-tune=generic --with-arch_32=i686 --build=x86_64-redhat-linux
Thread model: posix
gcc version 4.4.7 20120313 (Red Hat 4.4.7-16) (GCC) 
configure:8101: $? = 0
configure:8090: gcc -V >&5
gcc: '-V' option must have argument
configure:8101: $? = 1
configure:8090: gcc -qversion >&5
gcc: unrecognized option '-qversion'
gcc: no input files
configure:8101: $? = 1
configure:8105: checking whether we are using the GNU Objective C compiler
configure:8124: gcc -c  -I/usr/local/include conftest.m >&5
gcc: error trying to exec 'cc1obj': execvp: No such file or directory
configure:8124: $? = 1
configure: failed program was:
| /* confdefs.h */
| #define PACKAGE_NAME "R"
| #define PACKAGE_TARNAME "R"
| #define PACKAGE_VERSION "3.4.0"
| #define PACKAGE_STRING "R 3.4.0"
| #define PACKAGE_BUGREPORT "https://bugs.r-project.org"
| #define PACKAGE_URL "https://www.r-project.org"
| #define PACKAGE "R"
| #define VERSION "3.4.0"
| #define R_PLATFORM "x86_64-pc-linux-gnu"
| #define R_CPU "x86_64"
| #define R_VENDOR "pc"
| #define R_OS "linux-gnu"
| #define Unix 1
| #define R_ARCH ""
| #define HAVE_VISIBILITY_ATTRIBUTE 1
| #define STDC_HEADERS 1
| #define HAVE_SYS_TYPES_H 1
| #define HAVE_SYS_STAT_H 1
| #define HAVE_STDLIB_H 1
| #define HAVE_STRING_H 1
| #define HAVE_MEMORY_H 1
| #define HAVE_STRINGS_H 1
| #define HAVE_INTTYPES_H 1
| #define HAVE_STDINT_H 1
| #define HAVE_UNISTD_H 1
| #define __EXTENSIONS__ 1
| #define _ALL_SOURCE 1
| #define _GNU_SOURCE 1
| #define _POSIX_PTHREAD_SEMANTICS 1
| #define _TANDEM_SOURCE 1
| /* end confdefs.h.  */
| 
| int
| main ()
| {
| #ifndef __GNUC__
|        choke me
| #endif
| 
|   ;
|   return 0;
| }
configure:8133: result: no
configure:8142: checking whether gcc accepts -g
configure:8162: gcc -c -g -I/usr/local/include conftest.m >&5
gcc: error trying to exec 'cc1obj': execvp: No such file or directory
configure:8162: $? = 1
configure: failed program was:
| /* confdefs.h */
| #define PACKAGE_NAME "R"
| #define PACKAGE_TARNAME "R"
| #define PACKAGE_VERSION "3.4.0"
| #define PACKAGE_STRING "R 3.4.0"
| #define PACKAGE_BUGREPORT "https://bugs.r-project.org"
| #define PACKAGE_URL "https://www.r-project.org"
| #define PACKAGE "R"
| #define VERSION "3.4.0"
| #define R_PLATFORM "x86_64-pc-linux-gnu"
| #define R_CPU "x86_64"
| #define R_VENDOR "pc"
| #define R_OS "linux-gnu"
| #define Unix 1
| #define R_ARCH ""
| #define HAVE_VISIBILITY_ATTRIBUTE 1
| #define STDC_HEADERS 1
| #define HAVE_SYS_TYPES_H 1
| #define HAVE_SYS_STAT_H 1
| #define HAVE_STDLIB_H 1
| #define HAVE_STRING_H 1
| #define HAVE_MEMORY_H 1
| #define HAVE_STRINGS_H 1
| #define HAVE_INTTYPES_H 1
| #define HAVE_STDINT_H 1
| #define HAVE_UNISTD_H 1
| #define __EXTENSIONS__ 1
| #define _ALL_SOURCE 1
| #define _GNU_SOURCE 1
| #define _POSIX_PTHREAD_SEMANTICS 1
| #define _TANDEM_SOURCE 1
| /* end confdefs.h.  */
| 
| int
| main ()
| {
| 
|   ;
|   return 0;
| }
configure:8177: gcc -c  -I/usr/local/include conftest.m >&5
gcc: error trying to exec 'cc1obj': execvp: No such file or directory
configure:8177: $? = 1
configure: failed program was:
| /* confdefs.h */
| #define PACKAGE_NAME "R"
| #define PACKAGE_TARNAME "R"
| #define PACKAGE_VERSION "3.4.0"
| #define PACKAGE_STRING "R 3.4.0"
| #define PACKAGE_BUGREPORT "https://bugs.r-project.org"
| #define PACKAGE_URL "https://www.r-project.org"
| #define PACKAGE "R"
| #define VERSION "3.4.0"
| #define R_PLATFORM "x86_64-pc-linux-gnu"
| #define R_CPU "x86_64"
| #define R_VENDOR "pc"
| #define R_OS "linux-gnu"
| #define Unix 1
| #define R_ARCH ""
| #define HAVE_VISIBILITY_ATTRIBUTE 1
| #define STDC_HEADERS 1
| #define HAVE_SYS_TYPES_H 1
| #define HAVE_SYS_STAT_H 1
| #define HAVE_STDLIB_H 1
| #define HAVE_STRING_H 1
| #define HAVE_MEMORY_H 1
| #define HAVE_STRINGS_H 1
| #define HAVE_INTTYPES_H 1
| #define HAVE_STDINT_H 1
| #define HAVE_UNISTD_H 1
| #define __EXTENSIONS__ 1
| #define _ALL_SOURCE 1
| #define _GNU_SOURCE 1
| #define _POSIX_PTHREAD_SEMANTICS 1
| #define _TANDEM_SOURCE 1
| /* end confdefs.h.  */
| 
| int
| main ()
| {
| 
|   ;
|   return 0;
| }
configure:8193: gcc -c -g -I/usr/local/include conftest.m >&5
gcc: error trying to exec 'cc1obj': execvp: No such file or directory
configure:8193: $? = 1
configure: failed program was:
| /* confdefs.h */
| #define PACKAGE_NAME "R"
| #define PACKAGE_TARNAME "R"
| #define PACKAGE_VERSION "3.4.0"
| #define PACKAGE_STRING "R 3.4.0"
| #define PACKAGE_BUGREPORT "https://bugs.r-project.org"
| #define PACKAGE_URL "https://www.r-project.org"
| #define PACKAGE "R"
| #define VERSION "3.4.0"
| #define R_PLATFORM "x86_64-pc-linux-gnu"
| #define R_CPU "x86_64"
| #define R_VENDOR "pc"
| #define R_OS "linux-gnu"
| #define Unix 1
| #define R_ARCH ""
| #define HAVE_VISIBILITY_ATTRIBUTE 1
| #define STDC_HEADERS 1
| #define HAVE_SYS_TYPES_H 1
| #define HAVE_SYS_STAT_H 1
| #define HAVE_STDLIB_H 1
| #define HAVE_STRING_H 1
| #define HAVE_MEMORY_H 1
| #define HAVE_STRINGS_H 1
| #define HAVE_INTTYPES_H 1
| #define HAVE_STDINT_H 1
| #define HAVE_UNISTD_H 1
| #define __EXTENSIONS__ 1
| #define _ALL_SOURCE 1
| #define _GNU_SOURCE 1
| #define _POSIX_PTHREAD_SEMANTICS 1
| #define _TANDEM_SOURCE 1
| /* end confdefs.h.  */
| 
| int
| main ()
| {
| 
|   ;
|   return 0;
| }
configure:8203: result: no
configure:8246: gcc -c  -I/usr/local/include conftest.m >&5
gcc: error trying to exec 'cc1obj': execvp: No such file or directory
configure:8246: $? = 1
configure: failed program was:
| /* confdefs.h */
| #define PACKAGE_NAME "R"
| #define PACKAGE_TARNAME "R"
| #define PACKAGE_VERSION "3.4.0"
| #define PACKAGE_STRING "R 3.4.0"
| #define PACKAGE_BUGREPORT "https://bugs.r-project.org"
| #define PACKAGE_URL "https://www.r-project.org"
| #define PACKAGE "R"
| #define VERSION "3.4.0"
| #define R_PLATFORM "x86_64-pc-linux-gnu"
| #define R_CPU "x86_64"
| #define R_VENDOR "pc"
| #define R_OS "linux-gnu"
| #define Unix 1
| #define R_ARCH ""
| #define HAVE_VISIBILITY_ATTRIBUTE 1
| #define STDC_HEADERS 1
| #define HAVE_SYS_TYPES_H 1
| #define HAVE_SYS_STAT_H 1
| #define HAVE_STDLIB_H 1
| #define HAVE_STRING_H 1
| #define HAVE_MEMORY_H 1
| #define HAVE_STRINGS_H 1
| #define HAVE_INTTYPES_H 1
| #define HAVE_STDINT_H 1
| #define HAVE_UNISTD_H 1
| #define __EXTENSIONS__ 1
| #define _ALL_SOURCE 1
| #define _GNU_SOURCE 1
| #define _POSIX_PTHREAD_SEMANTICS 1
| #define _TANDEM_SOURCE 1
| /* end confdefs.h.  */
| 
| int
| main ()
| {
| id foo;
|   ;
|   return 0;
| }
configure:8262: checking for Objective C++ compiler
configure:8268: result: trying some possibilities
configure:8313: checking whether g++ can compile ObjC++
running: g++ -c conftest.mm -I/usr/local/include 
g++: error trying to exec 'cc1objplus': execvp: No such file or directory
configure:8346: result: no
configure:8350: checking whether  can compile ObjC++
running:  -c conftest.mm -I/usr/local/include 
./configure: line 8377: -c: command not found
configure:8383: result: no
configure:8400: result: no working ObjC++ compiler found
configure:8493: checking how to print strings
configure:8520: result: printf
configure:8541: checking for a sed that does not truncate output
configure:8605: result: /bin/sed
configure:8623: checking for fgrep
configure:8685: result: /bin/grep -F
configure:8720: checking for ld used by gcc
configure:8787: result: /usr/bin/ld
configure:8794: checking if the linker (/usr/bin/ld) is GNU ld
configure:8809: result: yes
configure:8821: checking for BSD- or MS-compatible name lister (nm)
configure:8875: result: /usr/bin/nm -B
configure:9005: checking the name lister (/usr/bin/nm -B) interface
configure:9012: gcc -c -g -O2 -I/usr/local/include conftest.c >&5
configure:9015: /usr/bin/nm -B "conftest.o"
configure:9018: output
0000000000000000 B some_variable
configure:9025: result: BSD nm
configure:9029: checking the maximum length of command line arguments
configure:9160: result: 1966080
configure:9208: checking how to convert x86_64-pc-linux-gnu file names to x86_64-pc-linux-gnu format
configure:9248: result: func_convert_file_noop
configure:9255: checking how to convert x86_64-pc-linux-gnu file names to toolchain format
configure:9275: result: func_convert_file_noop
configure:9282: checking for /usr/bin/ld option to reload object files
configure:9289: result: -r
configure:9363: checking for objdump
configure:9379: found /usr/bin/objdump
configure:9390: result: objdump
configure:9422: checking how to recognize dependent libraries
configure:9622: result: pass_all
configure:9707: checking for dlltool
configure:9737: result: no
configure:9767: checking how to associate runtime and link libraries
configure:9794: result: printf %s\n
configure:9918: checking for archiver @FILE support
configure:9935: gcc -c -g -O2 -I/usr/local/include conftest.c >&5
configure:9935: $? = 0
configure:9938: ar cru libconftest.a @conftest.lst >&5
configure:9941: $? = 0
configure:9946: ar cru libconftest.a @conftest.lst >&5
ar: conftest.o: No such file or directory
configure:9949: $? = 1
configure:9961: result: @
configure:10019: checking for strip
configure:10035: found /usr/bin/strip
configure:10046: result: strip
configure:10118: checking for ranlib
configure:10134: found /usr/bin/ranlib
configure:10145: result: ranlib
configure:10222: checking for gawk
configure:10238: found /bin/gawk
configure:10249: result: gawk
configure:10289: checking command to parse /usr/bin/nm -B output from gcc object
configure:10442: gcc -c -g -O2 -I/usr/local/include conftest.c >&5
configure:10445: $? = 0
configure:10449: /usr/bin/nm -B conftest.o \| sed -n -e 's/^.*[ ]\([ABCDGIRSTW][ABCDGIRSTW]*\)[ ][ ]*\([_A-Za-z][_A-Za-z0-9]*\)$/\1 \2 \2/p' | sed '/ __gnu_lto/d' \> conftest.nm
configure:10452: $? = 0
configure:10518: gcc -o conftest -g -O2 -I/usr/local/include -L/usr/local/lib64 conftest.c conftstm.o >&5
configure:10521: $? = 0
configure:10559: result: ok
configure:10606: checking for sysroot
configure:10636: result: no
configure:10643: checking for a working dd
configure:10681: result: /bin/dd
configure:10685: checking how to truncate binary pipes
configure:10700: result: /bin/dd bs=4096 count=1
configure:10836: gcc -c -g -O2 -I/usr/local/include conftest.c >&5
configure:10839: $? = 0
configure:11029: checking for mt
configure:11059: result: no
configure:11079: checking if : is a manifest tool
configure:11085: : '-?'
configure:11093: result: no
configure:11767: checking for dlfcn.h
configure:11767: gcc -c -g -O2 -I/usr/local/include conftest.c >&5
configure:11767: $? = 0
configure:11767: result: yes
configure:12005: checking for objdir
configure:12020: result: .libs
configure:12284: checking if gcc supports -fno-rtti -fno-exceptions
configure:12302: gcc -c -g -O2 -I/usr/local/include -fno-rtti -fno-exceptions conftest.c >&5
cc1: warning: command line option "-fno-rtti" is valid for C++/ObjC++ but not for C
configure:12306: $? = 0
configure:12319: result: no
configure:12677: checking for gcc option to produce PIC
configure:12684: result: -fPIC -DPIC
configure:12692: checking if gcc PIC flag -fPIC -DPIC works
configure:12710: gcc -c -g -O2 -I/usr/local/include -fPIC -DPIC -DPIC conftest.c >&5
configure:12714: $? = 0
configure:12727: result: yes
configure:12756: checking if gcc static flag -static works
configure:12784: result: no
configure:12799: checking if gcc supports -c -o file.o
configure:12820: gcc -c -g -O2 -I/usr/local/include -o out/conftest2.o conftest.c >&5
configure:12824: $? = 0
configure:12846: result: yes
configure:12854: checking if gcc supports -c -o file.o
configure:12901: result: yes
configure:12934: checking whether the gcc linker (/usr/bin/ld -m elf_x86_64) supports shared libraries
configure:14193: result: yes
configure:14230: checking whether -lc should be explicitly linked in
configure:14238: gcc -c -g -O2 -I/usr/local/include conftest.c >&5
configure:14241: $? = 0
configure:14256: gcc -shared  -fPIC -DPIC conftest.o  -v -Wl,-soname -Wl,conftest -o conftest 2\>\&1 \| /bin/grep  -lc  \>/dev/null 2\>\&1
configure:14259: $? = 0
configure:14273: result: no
configure:14433: checking dynamic linker characteristics
configure:15014: gcc -o conftest -g -O2 -I/usr/local/include -L/usr/local/lib64 -Wl,-rpath -Wl,/foo conftest.c  >&5
configure:15014: $? = 0
configure:15251: result: GNU/Linux ld.so
configure:15373: checking how to hardcode library paths into programs
configure:15398: result: immediate
configure:15946: checking whether stripping libraries is possible
configure:15951: result: yes
configure:15986: checking if libtool supports shared libraries
configure:15988: result: yes
configure:15991: checking whether to build shared libraries
configure:16016: result: yes
configure:16019: checking whether to build static libraries
configure:16023: result: no
configure:16046: checking how to run the C++ preprocessor
configure:16112: result: g++ -E
configure:16132: g++ -E -I/usr/local/include conftest.cpp
configure:16132: $? = 0
configure:16146: g++ -E -I/usr/local/include conftest.cpp
conftest.cpp:35:28: error: ac_nonexistent.h: No such file or directory
configure:16146: $? = 1
configure: failed program was:
| /* confdefs.h */
| #define PACKAGE_NAME "R"
| #define PACKAGE_TARNAME "R"
| #define PACKAGE_VERSION "3.4.0"
| #define PACKAGE_STRING "R 3.4.0"
| #define PACKAGE_BUGREPORT "https://bugs.r-project.org"
| #define PACKAGE_URL "https://www.r-project.org"
| #define PACKAGE "R"
| #define VERSION "3.4.0"
| #define R_PLATFORM "x86_64-pc-linux-gnu"
| #define R_CPU "x86_64"
| #define R_VENDOR "pc"
| #define R_OS "linux-gnu"
| #define Unix 1
| #define R_ARCH ""
| #define HAVE_VISIBILITY_ATTRIBUTE 1
| #define STDC_HEADERS 1
| #define HAVE_SYS_TYPES_H 1
| #define HAVE_SYS_STAT_H 1
| #define HAVE_STDLIB_H 1
| #define HAVE_STRING_H 1
| #define HAVE_MEMORY_H 1
| #define HAVE_STRINGS_H 1
| #define HAVE_INTTYPES_H 1
| #define HAVE_STDINT_H 1
| #define HAVE_UNISTD_H 1
| #define __EXTENSIONS__ 1
| #define _ALL_SOURCE 1
| #define _GNU_SOURCE 1
| #define _POSIX_PTHREAD_SEMANTICS 1
| #define _TANDEM_SOURCE 1
| #define HAVE_DLFCN_H 1
| #define LT_OBJDIR ".libs/"
| /* end confdefs.h.  */
| #include <ac_nonexistent.h>
configure:16308: checking for ld used by g++
configure:16375: result: /usr/bin/ld -m elf_x86_64
configure:16382: checking if the linker (/usr/bin/ld -m elf_x86_64) is GNU ld
configure:16397: result: yes
configure:16452: checking whether the g++ linker (/usr/bin/ld -m elf_x86_64) supports shared libraries
configure:17525: result: yes
configure:17561: g++ -c -g -O2 -I/usr/local/include conftest.cpp >&5
configure:17564: $? = 0
configure:18045: checking for g++ option to produce PIC
configure:18052: result: -fPIC -DPIC
configure:18060: checking if g++ PIC flag -fPIC -DPIC works
configure:18078: g++ -c -g -O2 -I/usr/local/include -fPIC -DPIC -DPIC conftest.cpp >&5
configure:18082: $? = 0
configure:18095: result: yes
configure:18118: checking if g++ static flag -static works
configure:18146: result: no
configure:18158: checking if g++ supports -c -o file.o
configure:18179: g++ -c -g -O2 -I/usr/local/include -o out/conftest2.o conftest.cpp >&5
configure:18183: $? = 0
configure:18205: result: yes
configure:18210: checking if g++ supports -c -o file.o
configure:18257: result: yes
configure:18287: checking whether the g++ linker (/usr/bin/ld -m elf_x86_64) supports shared libraries
configure:18327: result: yes
configure:18468: checking dynamic linker characteristics
configure:19213: result: GNU/Linux ld.so
configure:19278: checking how to hardcode library paths into programs
configure:19303: result: immediate
configure:19444: checking if libtool supports shared libraries
configure:19446: result: yes
configure:19449: checking whether to build shared libraries
configure:19473: result: yes
configure:19476: checking whether to build static libraries
configure:19480: result: no
configure:19832: checking for gfortran option to produce PIC
configure:19839: result: -fPIC
configure:19847: checking if gfortran PIC flag -fPIC works
configure:19865: gfortran -c -g -O2 -fPIC conftest.f >&5
configure:19869: $? = 0
configure:19882: result: yes
configure:19905: checking if gfortran static flag -static works
configure:19933: result: no
configure:19945: checking if gfortran supports -c -o file.o
configure:19966: gfortran -c -g -O2 -o out/conftest2.o conftest.f >&5
configure:19970: $? = 0
configure:19992: result: yes
configure:19997: checking if gfortran supports -c -o file.o
configure:20044: result: yes
configure:20074: checking whether the gfortran linker (/usr/bin/ld -m elf_x86_64) supports shared libraries
configure:21283: result: yes
configure:21424: checking dynamic linker characteristics
configure:22163: result: GNU/Linux ld.so
configure:22228: checking how to hardcode library paths into programs
configure:22253: result: immediate
configure:22515: checking for cos in -lm
configure:22540: gcc -o conftest -g -O2 -I/usr/local/include -L/usr/local/lib64 conftest.c -lm   >&5
conftest.c:42: warning: conflicting types for built-in function 'cos'
configure:22540: $? = 0
configure:22549: result: yes
configure:22563: checking for sin in -lm
configure:22588: gcc -o conftest -g -O2 -I/usr/local/include -L/usr/local/lib64 conftest.c -lm   >&5
conftest.c:42: warning: conflicting types for built-in function 'sin'
configure:22588: $? = 0
configure:22597: result: yes
configure:22624: checking for dlopen in -ldl
configure:22649: gcc -o conftest -g -O2 -I/usr/local/include -L/usr/local/lib64 conftest.c -ldl  -lm  >&5
configure:22649: $? = 0
configure:22658: result: yes
configure:22677: checking readline/history.h usability
configure:22677: gcc -c -g -O2 -I/usr/local/include conftest.c >&5
conftest.c:70:30: error: readline/history.h: No such file or directory
configure:22677: $? = 1
configure: failed program was:
| /* confdefs.h */
| #define PACKAGE_NAME "R"
| #define PACKAGE_TARNAME "R"
| #define PACKAGE_VERSION "3.4.0"
| #define PACKAGE_STRING "R 3.4.0"
| #define PACKAGE_BUGREPORT "https://bugs.r-project.org"
| #define PACKAGE_URL "https://www.r-project.org"
| #define PACKAGE "R"
| #define VERSION "3.4.0"
| #define R_PLATFORM "x86_64-pc-linux-gnu"
| #define R_CPU "x86_64"
| #define R_VENDOR "pc"
| #define R_OS "linux-gnu"
| #define Unix 1
| #define R_ARCH ""
| #define HAVE_VISIBILITY_ATTRIBUTE 1
| #define STDC_HEADERS 1
| #define HAVE_SYS_TYPES_H 1
| #define HAVE_SYS_STAT_H 1
| #define HAVE_STDLIB_H 1
| #define HAVE_STRING_H 1
| #define HAVE_MEMORY_H 1
| #define HAVE_STRINGS_H 1
| #define HAVE_INTTYPES_H 1
| #define HAVE_STDINT_H 1
| #define HAVE_UNISTD_H 1
| #define __EXTENSIONS__ 1
| #define _ALL_SOURCE 1
| #define _GNU_SOURCE 1
| #define _POSIX_PTHREAD_SEMANTICS 1
| #define _TANDEM_SOURCE 1
| #define HAVE_DLFCN_H 1
| #define LT_OBJDIR ".libs/"
| #define HAVE_LIBM 1
| #define HAVE_LIBDL 1
| /* end confdefs.h.  */
| #include <stdio.h>
| #ifdef HAVE_SYS_TYPES_H
| # include <sys/types.h>
| #endif
| #ifdef HAVE_SYS_STAT_H
| # include <sys/stat.h>
| #endif
| #ifdef STDC_HEADERS
| # include <stdlib.h>
| # include <stddef.h>
| #else
| # ifdef HAVE_STDLIB_H
| #  include <stdlib.h>
| # endif
| #endif
| #ifdef HAVE_STRING_H
| # if !defined STDC_HEADERS && defined HAVE_MEMORY_H
| #  include <memory.h>
| # endif
| # include <string.h>
| #endif
| #ifdef HAVE_STRINGS_H
| # include <strings.h>
| #endif
| #ifdef HAVE_INTTYPES_H
| # include <inttypes.h>
| #endif
| #ifdef HAVE_STDINT_H
| # include <stdint.h>
| #endif
| #ifdef HAVE_UNISTD_H
| # include <unistd.h>
| #endif
| #include <readline/history.h>
configure:22677: result: no
configure:22677: checking readline/history.h presence
configure:22677: gcc -E -I/usr/local/include conftest.c
conftest.c:37:30: error: readline/history.h: No such file or directory
configure:22677: $? = 1
configure: failed program was:
| /* confdefs.h */
| #define PACKAGE_NAME "R"
| #define PACKAGE_TARNAME "R"
| #define PACKAGE_VERSION "3.4.0"
| #define PACKAGE_STRING "R 3.4.0"
| #define PACKAGE_BUGREPORT "https://bugs.r-project.org"
| #define PACKAGE_URL "https://www.r-project.org"
| #define PACKAGE "R"
| #define VERSION "3.4.0"
| #define R_PLATFORM "x86_64-pc-linux-gnu"
| #define R_CPU "x86_64"
| #define R_VENDOR "pc"
| #define R_OS "linux-gnu"
| #define Unix 1
| #define R_ARCH ""
| #define HAVE_VISIBILITY_ATTRIBUTE 1
| #define STDC_HEADERS 1
| #define HAVE_SYS_TYPES_H 1
| #define HAVE_SYS_STAT_H 1
| #define HAVE_STDLIB_H 1
| #define HAVE_STRING_H 1
| #define HAVE_MEMORY_H 1
| #define HAVE_STRINGS_H 1
| #define HAVE_INTTYPES_H 1
| #define HAVE_STDINT_H 1
| #define HAVE_UNISTD_H 1
| #define __EXTENSIONS__ 1
| #define _ALL_SOURCE 1
| #define _GNU_SOURCE 1
| #define _POSIX_PTHREAD_SEMANTICS 1
| #define _TANDEM_SOURCE 1
| #define HAVE_DLFCN_H 1
| #define LT_OBJDIR ".libs/"
| #define HAVE_LIBM 1
| #define HAVE_LIBDL 1
| /* end confdefs.h.  */
| #include <readline/history.h>
configure:22677: result: no
configure:22677: checking for readline/history.h
configure:22677: result: no
configure:22677: checking readline/readline.h usability
configure:22677: gcc -c -g -O2 -I/usr/local/include conftest.c >&5
conftest.c:70:31: error: readline/readline.h: No such file or directory
configure:22677: $? = 1
configure: failed program was:
| /* confdefs.h */
| #define PACKAGE_NAME "R"
| #define PACKAGE_TARNAME "R"
| #define PACKAGE_VERSION "3.4.0"
| #define PACKAGE_STRING "R 3.4.0"
| #define PACKAGE_BUGREPORT "https://bugs.r-project.org"
| #define PACKAGE_URL "https://www.r-project.org"
| #define PACKAGE "R"
| #define VERSION "3.4.0"
| #define R_PLATFORM "x86_64-pc-linux-gnu"
| #define R_CPU "x86_64"
| #define R_VENDOR "pc"
| #define R_OS "linux-gnu"
| #define Unix 1
| #define R_ARCH ""
| #define HAVE_VISIBILITY_ATTRIBUTE 1
| #define STDC_HEADERS 1
| #define HAVE_SYS_TYPES_H 1
| #define HAVE_SYS_STAT_H 1
| #define HAVE_STDLIB_H 1
| #define HAVE_STRING_H 1
| #define HAVE_MEMORY_H 1
| #define HAVE_STRINGS_H 1
| #define HAVE_INTTYPES_H 1
| #define HAVE_STDINT_H 1
| #define HAVE_UNISTD_H 1
| #define __EXTENSIONS__ 1
| #define _ALL_SOURCE 1
| #define _GNU_SOURCE 1
| #define _POSIX_PTHREAD_SEMANTICS 1
| #define _TANDEM_SOURCE 1
| #define HAVE_DLFCN_H 1
| #define LT_OBJDIR ".libs/"
| #define HAVE_LIBM 1
| #define HAVE_LIBDL 1
| /* end confdefs.h.  */
| #include <stdio.h>
| #ifdef HAVE_SYS_TYPES_H
| # include <sys/types.h>
| #endif
| #ifdef HAVE_SYS_STAT_H
| # include <sys/stat.h>
| #endif
| #ifdef STDC_HEADERS
| # include <stdlib.h>
| # include <stddef.h>
| #else
| # ifdef HAVE_STDLIB_H
| #  include <stdlib.h>
| # endif
| #endif
| #ifdef HAVE_STRING_H
| # if !defined STDC_HEADERS && defined HAVE_MEMORY_H
| #  include <memory.h>
| # endif
| # include <string.h>
| #endif
| #ifdef HAVE_STRINGS_H
| # include <strings.h>
| #endif
| #ifdef HAVE_INTTYPES_H
| # include <inttypes.h>
| #endif
| #ifdef HAVE_STDINT_H
| # include <stdint.h>
| #endif
| #ifdef HAVE_UNISTD_H
| # include <unistd.h>
| #endif
| #include <readline/readline.h>
configure:22677: result: no
configure:22677: checking readline/readline.h presence
configure:22677: gcc -E -I/usr/local/include conftest.c
conftest.c:37:31: error: readline/readline.h: No such file or directory
configure:22677: $? = 1
configure: failed program was:
| /* confdefs.h */
| #define PACKAGE_NAME "R"
| #define PACKAGE_TARNAME "R"
| #define PACKAGE_VERSION "3.4.0"
| #define PACKAGE_STRING "R 3.4.0"
| #define PACKAGE_BUGREPORT "https://bugs.r-project.org"
| #define PACKAGE_URL "https://www.r-project.org"
| #define PACKAGE "R"
| #define VERSION "3.4.0"
| #define R_PLATFORM "x86_64-pc-linux-gnu"
| #define R_CPU "x86_64"
| #define R_VENDOR "pc"
| #define R_OS "linux-gnu"
| #define Unix 1
| #define R_ARCH ""
| #define HAVE_VISIBILITY_ATTRIBUTE 1
| #define STDC_HEADERS 1
| #define HAVE_SYS_TYPES_H 1
| #define HAVE_SYS_STAT_H 1
| #define HAVE_STDLIB_H 1
| #define HAVE_STRING_H 1
| #define HAVE_MEMORY_H 1
| #define HAVE_STRINGS_H 1
| #define HAVE_INTTYPES_H 1
| #define HAVE_STDINT_H 1
| #define HAVE_UNISTD_H 1
| #define __EXTENSIONS__ 1
| #define _ALL_SOURCE 1
| #define _GNU_SOURCE 1
| #define _POSIX_PTHREAD_SEMANTICS 1
| #define _TANDEM_SOURCE 1
| #define HAVE_DLFCN_H 1
| #define LT_OBJDIR ".libs/"
| #define HAVE_LIBM 1
| #define HAVE_LIBDL 1
| /* end confdefs.h.  */
| #include <readline/readline.h>
configure:22677: result: no
configure:22677: checking for readline/readline.h
configure:22677: result: no
configure:22691: checking for rl_callback_read_char in -lreadline
configure:22716: gcc -o conftest -g -O2 -I/usr/local/include -L/usr/local/lib64 conftest.c -lreadline   >&5
/usr/bin/ld: cannot find -lreadline
collect2: ld returned 1 exit status
configure:22716: $? = 1
configure: failed program was:
| /* confdefs.h */
| #define PACKAGE_NAME "R"
| #define PACKAGE_TARNAME "R"
| #define PACKAGE_VERSION "3.4.0"
| #define PACKAGE_STRING "R 3.4.0"
| #define PACKAGE_BUGREPORT "https://bugs.r-project.org"
| #define PACKAGE_URL "https://www.r-project.org"
| #define PACKAGE "R"
| #define VERSION "3.4.0"
| #define R_PLATFORM "x86_64-pc-linux-gnu"
| #define R_CPU "x86_64"
| #define R_VENDOR "pc"
| #define R_OS "linux-gnu"
| #define Unix 1
| #define R_ARCH ""
| #define HAVE_VISIBILITY_ATTRIBUTE 1
| #define STDC_HEADERS 1
| #define HAVE_SYS_TYPES_H 1
| #define HAVE_SYS_STAT_H 1
| #define HAVE_STDLIB_H 1
| #define HAVE_STRING_H 1
| #define HAVE_MEMORY_H 1
| #define HAVE_STRINGS_H 1
| #define HAVE_INTTYPES_H 1
| #define HAVE_STDINT_H 1
| #define HAVE_UNISTD_H 1
| #define __EXTENSIONS__ 1
| #define _ALL_SOURCE 1
| #define _GNU_SOURCE 1
| #define _POSIX_PTHREAD_SEMANTICS 1
| #define _TANDEM_SOURCE 1
| #define HAVE_DLFCN_H 1
| #define LT_OBJDIR ".libs/"
| #define HAVE_LIBM 1
| #define HAVE_LIBDL 1
| /* end confdefs.h.  */
| 
| /* Override any GCC internal prototype to avoid an error.
|    Use char because int might match the return type of a GCC
|    builtin and then its argument prototype would still apply.  */
| #ifdef __cplusplus
| extern "C"
| #endif
| char rl_callback_read_char ();
| int
| main ()
| {
| return rl_callback_read_char ();
|   ;
|   return 0;
| }
configure:22725: result: no
configure:22740: checking for main in -lncurses
configure:22759: gcc -o conftest -g -O2 -I/usr/local/include -L/usr/local/lib64 conftest.c -lncurses   >&5
configure:22759: $? = 0
configure:22768: result: yes
configure:22859: checking for rl_callback_read_char in -lreadline
configure:22884: gcc -o conftest -g -O2 -I/usr/local/include -L/usr/local/lib64 conftest.c -lreadline  -lncurses  >&5
/usr/bin/ld: cannot find -lreadline
collect2: ld returned 1 exit status
configure:22884: $? = 1
configure: failed program was:
| /* confdefs.h */
| #define PACKAGE_NAME "R"
| #define PACKAGE_TARNAME "R"
| #define PACKAGE_VERSION "3.4.0"
| #define PACKAGE_STRING "R 3.4.0"
| #define PACKAGE_BUGREPORT "https://bugs.r-project.org"
| #define PACKAGE_URL "https://www.r-project.org"
| #define PACKAGE "R"
| #define VERSION "3.4.0"
| #define R_PLATFORM "x86_64-pc-linux-gnu"
| #define R_CPU "x86_64"
| #define R_VENDOR "pc"
| #define R_OS "linux-gnu"
| #define Unix 1
| #define R_ARCH ""
| #define HAVE_VISIBILITY_ATTRIBUTE 1
| #define STDC_HEADERS 1
| #define HAVE_SYS_TYPES_H 1
| #define HAVE_SYS_STAT_H 1
| #define HAVE_STDLIB_H 1
| #define HAVE_STRING_H 1
| #define HAVE_MEMORY_H 1
| #define HAVE_STRINGS_H 1
| #define HAVE_INTTYPES_H 1
| #define HAVE_STDINT_H 1
| #define HAVE_UNISTD_H 1
| #define __EXTENSIONS__ 1
| #define _ALL_SOURCE 1
| #define _GNU_SOURCE 1
| #define _POSIX_PTHREAD_SEMANTICS 1
| #define _TANDEM_SOURCE 1
| #define HAVE_DLFCN_H 1
| #define LT_OBJDIR ".libs/"
| #define HAVE_LIBM 1
| #define HAVE_LIBDL 1
| #define HAVE_LIBNCURSES 1
| /* end confdefs.h.  */
| 
| /* Override any GCC internal prototype to avoid an error.
|    Use char because int might match the return type of a GCC
|    builtin and then its argument prototype would still apply.  */
| #ifdef __cplusplus
| extern "C"
| #endif
| char rl_callback_read_char ();
| int
| main ()
| {
| return rl_callback_read_char ();
|   ;
|   return 0;
| }
configure:22893: result: no
configure:22909: checking for history_truncate_file
configure:22909: gcc -o conftest -g -O2 -I/usr/local/include -L/usr/local/lib64 conftest.c -lncurses  >&5
/tmp/cctBiyzZ.o: In function `main':
/var/www/html/research/andrej_alexeyenko/HyperSet/R/lib/rdevel/R-devel/conftest.c:72: undefined reference to `history_truncate_file'
collect2: ld returned 1 exit status
configure:22909: $? = 1
configure: failed program was:
| /* confdefs.h */
| #define PACKAGE_NAME "R"
| #define PACKAGE_TARNAME "R"
| #define PACKAGE_VERSION "3.4.0"
| #define PACKAGE_STRING "R 3.4.0"
| #define PACKAGE_BUGREPORT "https://bugs.r-project.org"
| #define PACKAGE_URL "https://www.r-project.org"
| #define PACKAGE "R"
| #define VERSION "3.4.0"
| #define R_PLATFORM "x86_64-pc-linux-gnu"
| #define R_CPU "x86_64"
| #define R_VENDOR "pc"
| #define R_OS "linux-gnu"
| #define Unix 1
| #define R_ARCH ""
| #define HAVE_VISIBILITY_ATTRIBUTE 1
| #define STDC_HEADERS 1
| #define HAVE_SYS_TYPES_H 1
| #define HAVE_SYS_STAT_H 1
| #define HAVE_STDLIB_H 1
| #define HAVE_STRING_H 1
| #define HAVE_MEMORY_H 1
| #define HAVE_STRINGS_H 1
| #define HAVE_INTTYPES_H 1
| #define HAVE_STDINT_H 1
| #define HAVE_UNISTD_H 1
| #define __EXTENSIONS__ 1
| #define _ALL_SOURCE 1
| #define _GNU_SOURCE 1
| #define _POSIX_PTHREAD_SEMANTICS 1
| #define _TANDEM_SOURCE 1
| #define HAVE_DLFCN_H 1
| #define LT_OBJDIR ".libs/"
| #define HAVE_LIBM 1
| #define HAVE_LIBDL 1
| #define HAVE_LIBNCURSES 1
| /* end confdefs.h.  */
| /* Define history_truncate_file to an innocuous variant, in case <limits.h> declares history_truncate_file.
|    For example, HP-UX 11i <limits.h> declares gettimeofday.  */
| #define history_truncate_file innocuous_history_truncate_file
| 
| /* System header to define __stub macros and hopefully few prototypes,
|     which can conflict with char history_truncate_file (); below.
|     Prefer <limits.h> to <assert.h> if __STDC__ is defined, since
|     <limits.h> exists even on freestanding compilers.  */
| 
| #ifdef __STDC__
| # include <limits.h>
| #else
| # include <assert.h>
| #endif
| 
| #undef history_truncate_file
| 
| /* Override any GCC internal prototype to avoid an error.
|    Use char because int might match the return type of a GCC
|    builtin and then its argument prototype would still apply.  */
| #ifdef __cplusplus
| extern "C"
| #endif
| char history_truncate_file ();
| /* The GNU C library defines this for functions which it implements
|     to always fail with ENOSYS.  Some functions are actually named
|     something starting with __ and the normal name is an alias.  */
| #if defined __stub_history_truncate_file || defined __stub___history_truncate_file
| choke me
| #endif
| 
| int
| main ()
| {
| return history_truncate_file ();
|   ;
|   return 0;
| }
configure:22909: result: no
configure:22919: error: --with-readline=yes (default) and headers/libs are not available

## ---------------- ##
## Cache variables. ##
## ---------------- ##

ac_cv_build=x86_64-pc-linux-gnu
ac_cv_c_compiler_gnu=yes
ac_cv_cxx_compiler_gnu=yes
ac_cv_env_BLAS_LIBS_set=
ac_cv_env_BLAS_LIBS_value=
ac_cv_env_CCC_set=
ac_cv_env_CCC_value=
ac_cv_env_CC_set=
ac_cv_env_CC_value=
ac_cv_env_CFLAGS_set=
ac_cv_env_CFLAGS_value=
ac_cv_env_CPICFLAGS_set=
ac_cv_env_CPICFLAGS_value=
ac_cv_env_CPPFLAGS_set=
ac_cv_env_CPPFLAGS_value=
ac_cv_env_CPP_set=
ac_cv_env_CPP_value=
ac_cv_env_CXX1XFLAGS_set=
ac_cv_env_CXX1XFLAGS_value=
ac_cv_env_CXX1XPICFLAGS_set=
ac_cv_env_CXX1XPICFLAGS_value=
ac_cv_env_CXX1XSTD_set=
ac_cv_env_CXX1XSTD_value=
ac_cv_env_CXX1X_set=
ac_cv_env_CXX1X_value=
ac_cv_env_CXXCPP_set=
ac_cv_env_CXXCPP_value=
ac_cv_env_CXXFLAGS_set=
ac_cv_env_CXXFLAGS_value=
ac_cv_env_CXXPICFLAGS_set=
ac_cv_env_CXXPICFLAGS_value=
ac_cv_env_CXX_set=
ac_cv_env_CXX_value=
ac_cv_env_DEFS_set=
ac_cv_env_DEFS_value=
ac_cv_env_DYLIB_LDFLAGS_set=
ac_cv_env_DYLIB_LDFLAGS_value=
ac_cv_env_DYLIB_LD_set=
ac_cv_env_DYLIB_LD_value=
ac_cv_env_F77_set=
ac_cv_env_F77_value=
ac_cv_env_FCFLAGS_set=
ac_cv_env_FCFLAGS_value=
ac_cv_env_FCPICFLAGS_set=
ac_cv_env_FCPICFLAGS_value=
ac_cv_env_FC_set=
ac_cv_env_FC_value=
ac_cv_env_FFLAGS_set=
ac_cv_env_FFLAGS_value=
ac_cv_env_FPICFLAGS_set=
ac_cv_env_FPICFLAGS_value=
ac_cv_env_JAVA_HOME_set=
ac_cv_env_JAVA_HOME_value=
ac_cv_env_LAPACK_LIBS_set=
ac_cv_env_LAPACK_LIBS_value=
ac_cv_env_LDFLAGS_set=
ac_cv_env_LDFLAGS_value=
ac_cv_env_LIBS_set=
ac_cv_env_LIBS_value=
ac_cv_env_LIBnn_set=
ac_cv_env_LIBnn_value=
ac_cv_env_LT_SYS_LIBRARY_PATH_set=
ac_cv_env_LT_SYS_LIBRARY_PATH_value=
ac_cv_env_MAIN_CFLAGS_set=
ac_cv_env_MAIN_CFLAGS_value=
ac_cv_env_MAIN_FFLAGS_set=
ac_cv_env_MAIN_FFLAGS_value=
ac_cv_env_MAIN_LDFLAGS_set=
ac_cv_env_MAIN_LDFLAGS_value=
ac_cv_env_MAIN_LD_set=
ac_cv_env_MAIN_LD_value=
ac_cv_env_MAKE_set=
ac_cv_env_MAKE_value=
ac_cv_env_OBJCFLAGS_set=
ac_cv_env_OBJCFLAGS_value=
ac_cv_env_OBJC_set=
ac_cv_env_OBJC_value=
ac_cv_env_PKGCONF_set=
ac_cv_env_PKGCONF_value=
ac_cv_env_PKG_CONFIG_LIBDIR_set=
ac_cv_env_PKG_CONFIG_LIBDIR_value=
ac_cv_env_PKG_CONFIG_PATH_set=
ac_cv_env_PKG_CONFIG_PATH_value=
ac_cv_env_R_BATCHSAVE_set=
ac_cv_env_R_BATCHSAVE_value=
ac_cv_env_R_BROWSER_set=
ac_cv_env_R_BROWSER_value=
ac_cv_env_R_PAPERSIZE_set=
ac_cv_env_R_PAPERSIZE_value=
ac_cv_env_R_PDFVIEWER_set=
ac_cv_env_R_PDFVIEWER_value=
ac_cv_env_R_PRINTCMD_set=
ac_cv_env_R_PRINTCMD_value=
ac_cv_env_R_SHELL_set=
ac_cv_env_R_SHELL_value=
ac_cv_env_SAFE_FFLAGS_set=
ac_cv_env_SAFE_FFLAGS_value=
ac_cv_env_SHLIB_CFLAGS_set=
ac_cv_env_SHLIB_CFLAGS_value=
ac_cv_env_SHLIB_CXX1XLDFLAGS_set=
ac_cv_env_SHLIB_CXX1XLDFLAGS_value=
ac_cv_env_SHLIB_CXX1XLD_set=
ac_cv_env_SHLIB_CXX1XLD_value=
ac_cv_env_SHLIB_CXXLDFLAGS_set=
ac_cv_env_SHLIB_CXXLDFLAGS_value=
ac_cv_env_SHLIB_CXXLD_set=
ac_cv_env_SHLIB_CXXLD_value=
ac_cv_env_SHLIB_FCLDFLAGS_set=
ac_cv_env_SHLIB_FCLDFLAGS_value=
ac_cv_env_SHLIB_FCLD_set=
ac_cv_env_SHLIB_FCLD_value=
ac_cv_env_SHLIB_FFLAGS_set=
ac_cv_env_SHLIB_FFLAGS_value=
ac_cv_env_SHLIB_LDFLAGS_set=
ac_cv_env_SHLIB_LDFLAGS_value=
ac_cv_env_SHLIB_LD_set=
ac_cv_env_SHLIB_LD_value=
ac_cv_env_TAR_set=
ac_cv_env_TAR_value=
ac_cv_env_TCLTK_CPPFLAGS_set=
ac_cv_env_TCLTK_CPPFLAGS_value=
ac_cv_env_TCLTK_LIBS_set=
ac_cv_env_TCLTK_LIBS_value=
ac_cv_env_XMKMF_set=
ac_cv_env_XMKMF_value=
ac_cv_env_YACC_set=
ac_cv_env_YACC_value=
ac_cv_env_YFLAGS_set=
ac_cv_env_YFLAGS_value=
ac_cv_env_build_alias_set=
ac_cv_env_build_alias_value=
ac_cv_env_host_alias_set=
ac_cv_env_host_alias_value=
ac_cv_env_r_arch_set=
ac_cv_env_r_arch_value=
ac_cv_env_target_alias_set=
ac_cv_env_target_alias_value=
ac_cv_f77_compiler_gnu=yes
ac_cv_func_history_truncate_file=no
ac_cv_header_dlfcn_h=yes
ac_cv_header_inttypes_h=yes
ac_cv_header_memory_h=yes
ac_cv_header_minix_config_h=no
ac_cv_header_readline_history_h=no
ac_cv_header_readline_readline_h=no
ac_cv_header_stdc=yes
ac_cv_header_stdint_h=yes
ac_cv_header_stdlib_h=yes
ac_cv_header_string_h=yes
ac_cv_header_strings_h=yes
ac_cv_header_sys_stat_h=yes
ac_cv_header_sys_types_h=yes
ac_cv_header_unistd_h=yes
ac_cv_host=x86_64-pc-linux-gnu
ac_cv_lib_dl_dlopen=yes
ac_cv_lib_m_cos=yes
ac_cv_lib_m_sin=yes
ac_cv_lib_ncurses_main=yes
ac_cv_lib_readline_rl_callback_read_char=no
ac_cv_objc_compiler_gnu=no
ac_cv_objext=o
ac_cv_path_EGREP='/bin/grep -E'
ac_cv_path_FGREP='/bin/grep -F'
ac_cv_path_GETWD=/bin/pwd
ac_cv_path_GREP=/bin/grep
ac_cv_path_KPSEWHICH=/usr/bin/kpsewhich
ac_cv_path_MAKEINDEX=/usr/bin/makeindex
ac_cv_path_NOTANGLE=false
ac_cv_path_PAGER=/usr/bin/less
ac_cv_path_PDFLATEX=/usr/bin/pdflatex
ac_cv_path_PDFTEX=/usr/bin/pdftex
ac_cv_path_PKGCONF=/usr/bin/pkg-config
ac_cv_path_REALPATH=false
ac_cv_path_R_BROWSER=/usr/bin/firefox
ac_cv_path_R_BZIPCMD=/usr/bin/bzip2
ac_cv_path_R_GZIPCMD=/bin/gzip
ac_cv_path_R_PDFVIEWER=/usr/bin/xdg-open
ac_cv_path_R_UNZIPCMD=/usr/bin/unzip
ac_cv_path_R_ZIPCMD=/usr/bin/zip
ac_cv_path_SED=/bin/sed
ac_cv_path_TAR=/bin/gtar
ac_cv_path_TEX=/usr/bin/tex
ac_cv_path_TEXI2DVI=/usr/bin/texi2dvi
ac_cv_path_WHICH=/usr/bin/which
ac_cv_path_install='/usr/bin/install -c'
ac_cv_path_lt_DD=/bin/dd
ac_cv_prog_AR=ar
ac_cv_prog_AWK=gawk
ac_cv_prog_CPP='gcc -E'
ac_cv_prog_CXXCPP='g++ -E'
ac_cv_prog_F77=gfortran
ac_cv_prog_YACC='bison -y'
ac_cv_prog_ac_ct_CC=gcc
ac_cv_prog_ac_ct_CXX=g++
ac_cv_prog_ac_ct_OBJC=gcc
ac_cv_prog_ac_ct_OBJDUMP=objdump
ac_cv_prog_ac_ct_RANLIB=ranlib
ac_cv_prog_ac_ct_STRIP=strip
ac_cv_prog_cc_c89=
ac_cv_prog_cc_g=yes
ac_cv_prog_cxx_g=yes
ac_cv_prog_f77_g=yes
ac_cv_prog_gcc_traditional=no
ac_cv_prog_objc_g=no
ac_cv_safe_to_define___extensions__=yes
lt_cv_ar_at_file=@
lt_cv_archive_cmds_need_lc=no
lt_cv_deplibs_check_method=pass_all
lt_cv_file_magic_cmd='$MAGIC_CMD'
lt_cv_file_magic_test_file=
lt_cv_ld_reload_flag=-r
lt_cv_nm_interface='BSD nm'
lt_cv_objdir=.libs
lt_cv_path_LD=/usr/bin/ld
lt_cv_path_LDCXX='/usr/bin/ld -m elf_x86_64'
lt_cv_path_NM='/usr/bin/nm -B'
lt_cv_path_mainfest_tool=no
lt_cv_prog_compiler_c_o=yes
lt_cv_prog_compiler_c_o_CXX=yes
lt_cv_prog_compiler_c_o_F77=yes
lt_cv_prog_compiler_pic='-fPIC -DPIC'
lt_cv_prog_compiler_pic_CXX='-fPIC -DPIC'
lt_cv_prog_compiler_pic_F77=-fPIC
lt_cv_prog_compiler_pic_works=yes
lt_cv_prog_compiler_pic_works_CXX=yes
lt_cv_prog_compiler_pic_works_F77=yes
lt_cv_prog_compiler_rtti_exceptions=no
lt_cv_prog_compiler_static_works=no
lt_cv_prog_compiler_static_works_CXX=no
lt_cv_prog_compiler_static_works_F77=no
lt_cv_prog_gnu_ld=yes
lt_cv_prog_gnu_ldcxx=yes
lt_cv_sharedlib_from_linklib_cmd='printf %s\n'
lt_cv_shlibpath_overrides_runpath=no
lt_cv_sys_global_symbol_pipe='sed -n -e '\''s/^.*[	 ]\([ABCDGIRSTW][ABCDGIRSTW]*\)[	 ][	 ]*\([_A-Za-z][_A-Za-z0-9]*\)$/\1 \2 \2/p'\'' | sed '\''/ __gnu_lto/d'\'''
lt_cv_sys_global_symbol_to_c_name_address='sed -n -e '\''s/^: \(.*\) .*$/  {"\1", (void *) 0},/p'\'' -e '\''s/^[ABCDGIRSTW][ABCDGIRSTW]* .* \(.*\)$/  {"\1", (void *) \&\1},/p'\'''
lt_cv_sys_global_symbol_to_c_name_address_lib_prefix='sed -n -e '\''s/^: \(.*\) .*$/  {"\1", (void *) 0},/p'\'' -e '\''s/^[ABCDGIRSTW][ABCDGIRSTW]* .* \(lib.*\)$/  {"\1", (void *) \&\1},/p'\'' -e '\''s/^[ABCDGIRSTW][ABCDGIRSTW]* .* \(.*\)$/  {"lib\1", (void *) \&\1},/p'\'''
lt_cv_sys_global_symbol_to_cdecl='sed -n -e '\''s/^T .* \(.*\)$/extern int \1();/p'\'' -e '\''s/^[ABCDGIRSTW][ABCDGIRSTW]* .* \(.*\)$/extern char \1;/p'\'''
lt_cv_sys_global_symbol_to_import=
lt_cv_sys_max_cmd_len=1966080
lt_cv_to_host_file_cmd=func_convert_file_noop
lt_cv_to_tool_file_cmd=func_convert_file_noop
lt_cv_truncate_bin='/bin/dd bs=4096 count=1'
r_cv_OBJCXX=
r_cv_prog_cc_vis=yes
r_cv_prog_f77_vis=yes
r_cv_visibility_attribute=yes

## ----------------- ##
## Output variables. ##
## ----------------- ##

ACLOCAL='aclocal'
ALLOCA=''
AR='ar'
ARFLAGS='rc'
AUTOCONF='autoconf'
AUTOHEADER='autoheader'
AUTOMAKE='automake'
AWK='gawk'
BITMAP_CPPFLAGS=''
BITMAP_LIBS=''
BLAS_LIBS0=''
BLAS_LIBS=''
BLAS_SHLIB_FALSE=''
BLAS_SHLIB_TRUE=''
BUILDDIR_IS_SRCDIR='yes'
BUILD_AQUA_FALSE=''
BUILD_AQUA_TRUE=''
BUILD_CC=''
BUILD_DEVCAIRO_FALSE=''
BUILD_DEVCAIRO_TRUE=''
BUILD_HTML_FALSE=''
BUILD_HTML_TRUE='#'
BUILD_INCLUDED_LIBINTL=''
BUILD_LIBINTL_FALSE=''
BUILD_LIBINTL_TRUE=''
BUILD_LTO_FALSE=''
BUILD_LTO_TRUE='#'
BUILD_R=''
BUILD_TRE_FALSE=''
BUILD_TRE_TRUE=''
BUILD_TZONE_FALSE=''
BUILD_TZONE_TRUE=''
BUILD_X11_FALSE=''
BUILD_X11_TRUE=''
BUILD_XDR_FALSE=''
BUILD_XDR_TRUE=''
BYTE_COMPILE_PACKAGES_FALSE='#'
BYTE_COMPILE_PACKAGES_TRUE=''
CAIROX11_CPPFLAGS=''
CAIROX11_LIBS=''
CAIRO_CPPFLAGS=''
CAIRO_LIBS=''
CATOBJEXT=''
CC='gcc'
CFLAGS='-g -O2'
CFLAG_VISIBILITY=''
COMPILE_FORTRAN_DOUBLE_COMPLEX_FALSE=''
COMPILE_FORTRAN_DOUBLE_COMPLEX_TRUE=''
CPICFLAGS=''
CPP='gcc -E'
CPPFLAGS='-I/usr/local/include'
CROSS_COMPILING_FALSE=''
CROSS_COMPILING_TRUE='#'
CURL_CONFIG=''
CURL_CPPFLAGS=''
CURL_LIBS=''
CXX1X=''
CXX1XFLAGS=''
CXX1XPICFLAGS=''
CXX1XSTD=''
CXX='g++'
CXXCPP0='$(CXX) -E'
CXXCPP='g++ -E'
CXXFLAGS='-g -O2'
CXXPICFLAGS=''
C_VISIBILITY='-fvisibility=hidden'
DATADIRNAME=''
DEFS=''
DLLTOOL='false'
DSYMUTIL=''
DUMPBIN=''
DYLIB_EXT=''
DYLIB_LD=''
DYLIB_LDFLAGS=''
DYLIB_UNDEFINED_ALLOWED_FALSE=''
DYLIB_UNDEFINED_ALLOWED_TRUE=''
ECHO_C=''
ECHO_N='-n'
ECHO_T=''
EGREP='/bin/grep -E'
EXEEXT=''
F77='gfortran'
F77_VISIBILITY='-fvisibility=hidden'
FC=''
FCFLAGS=''
FCFLAGS_f90=''
FCFLAGS_f95=''
FCLIBS=''
FCPICFLAGS=''
FFLAGS='-g -O2'
FGREP='/bin/grep -F'
FLIBS=''
FLIBS_IN_SO=''
FOUNDATION_CPPFLAGS=''
FOUNDATION_LIBS=''
FPICFLAGS=''
FW_VERSION=''
GENCAT=''
GETWD='/bin/pwd'
GLIBC21=''
GLIBC2=''
GREP='/bin/grep'
HAVE_ASPRINTF=''
HAVE_CXX11=''
HAVE_FORTRAN_DOUBLE_COMPLEX=''
HAVE_POSIX_PRINTF=''
HAVE_SNPRINTF=''
HAVE_VISIBILITY=''
HAVE_WPRINTF=''
INSTALL_DATA='${INSTALL} -m 644'
INSTALL_INFO=''
INSTALL_PROGRAM='${INSTALL}'
INSTALL_SCRIPT='${INSTALL}'
INSTOBJEXT=''
INTERNET_LIBS=''
INTLBISON=''
INTLLIBS=''
INTLOBJS=''
INTL_LIBTOOL_SUFFIX_PREFIX=''
INTL_MACOSX_LIBS=''
JAR=''
JAVA=''
JAVAC=''
JAVAH=''
JAVA_CPPFLAGS0=''
JAVA_HOME=''
JAVA_LD_LIBRARY_PATH=''
JAVA_LIBS0=''
KPSEWHICH='/usr/bin/kpsewhich'
LAPACK_LDFLAGS=''
LAPACK_LIBS=''
LD='/usr/bin/ld -m elf_x86_64'
LDFLAGS='-L/usr/local/lib64'
LIBICONV=''
LIBINTL=''
LIBM='-lm'
LIBMULTITHREAD=''
LIBOBJS=''
LIBPTH=''
LIBPTH_PREFIX=''
LIBR0=''
LIBR1=''
LIBR_LDFLAGS=''
LIBS='-lncurses '
LIBTHREAD=''
LIBTOOL='$(SHELL) $(top_builddir)/libtool'
LIBTOOL_DEPS='tools/ltmain.sh'
LIBnn='lib64'
LIPO=''
LN_S='ln -s'
LTLIBICONV=''
LTLIBINTL=''
LTLIBMULTITHREAD=''
LTLIBOBJS=''
LTLIBPTH=''
LTLIBTHREAD=''
LTO=''
LTOALL=''
LT_SYS_LIBRARY_PATH=''
MAINTAINER_MODE_FALSE=''
MAINTAINER_MODE_TRUE='#'
MAIN_CFLAGS=''
MAIN_FFLAGS=''
MAIN_LD=''
MAIN_LDFLAGS=''
MAJ_MIN_VERSION='3.4'
MAKE='make'
MAKEINDEX='/usr/bin/makeindex'
MAKEINFO=''
MANIFEST_TOOL=':'
MKDIR_P=''
NM='/usr/bin/nm -B'
NMEDIT=''
NOTANGLE='false'
OBJC=''
OBJCFLAGS=''
OBJCXX=''
OBJCXXFLAGS=''
OBJC_LIBS=''
OBJDUMP='objdump'
OBJEXT='o'
OPENMP_CFLAGS=''
OPENMP_CXXFLAGS=''
OPENMP_FCFLAGS=''
OPENMP_FFLAGS=''
OSF_SH_BUG=''
OTOOL64=''
OTOOL=''
PACKAGE='R'
PACKAGE_BUGREPORT='https://bugs.r-project.org'
PACKAGE_NAME='R'
PACKAGE_STRING='R 3.4.0'
PACKAGE_TARNAME='R'
PACKAGE_URL='https://www.r-project.org'
PACKAGE_VERSION='3.4.0'
PAGER='/usr/bin/less'
PAPERCONF=''
PATH_SEPARATOR=':'
PDFLATEX='/usr/bin/pdflatex'
PDFTEX='/usr/bin/pdftex'
PKGCONF='/usr/bin/pkg-config'
PKG_CONFIG_LIBDIR=''
PKG_CONFIG_PATH=''
POSUB=''
PRI_MACROS_BROKEN=''
RANLIB='ranlib'
RBLAS_LDFLAGS=''
READLINE_LIBS=''
REALPATH='false'
RLAPACK_LDFLAGS=''
RMATH_HAVE_EXPM1=''
RMATH_HAVE_HYPOT=''
RMATH_HAVE_LOG1P=''
RMATH_HAVE_WORKING_LOG1P=''
R_ARCH=''
R_BATCHSAVE=''
R_BROWSER='/usr/bin/firefox'
R_BZIPCMD='/usr/bin/bzip2'
R_CONFIG_ARGS=' '\''--prefix'\'' '\''/var/www/html/research/andrej_alexeyenko/HyperSet/R/lib/rdevel'\'' '\''--without-x'\'''
R_DEFS=''
R_DYLIB_EXT=''
R_GZIPCMD='/bin/gzip'
R_JAVA_LD_LIBRARY_PATH=''
R_LD_LIBRARY_PATH='/usr/local/lib64'
R_OPENMP_CFLAGS=''
R_OPENMP_FFLAGS=''
R_OS='linux-gnu'
R_OSTYPE='unix'
R_PAPERSIZE=''
R_PDFVIEWER='/usr/bin/xdg-open'
R_PLATFORM='x86_64-pc-linux-gnu'
R_PRINTCMD=''
R_PROFILING=''
R_RD4PDF='times,hyper'
R_SHELL=''
R_SYSTEM_ABI=''
R_UNZIPCMD='/usr/bin/unzip'
R_XTRA_CFLAGS=''
R_XTRA_CPPFLAGS2='-I$(R_INCLUDE_DIR)'
R_XTRA_CPPFLAGS=''
R_XTRA_CXXFLAGS=''
R_XTRA_FFLAGS=''
R_XTRA_LIBS=''
R_ZIPCMD='/usr/bin/zip'
Rshlibpath_var='LD_LIBRARY_PATH'
SAFE_FFLAGS=''
SED='/bin/sed'
SHELL='/bin/sh'
SHLIB_CFLAGS=''
SHLIB_CXX1XLD=''
SHLIB_CXX1XLDFLAGS=''
SHLIB_CXXFLAGS=''
SHLIB_CXXLD=''
SHLIB_CXXLDFLAGS=''
SHLIB_EXT=''
SHLIB_FCLD=''
SHLIB_FCLDFLAGS=''
SHLIB_FFLAGS=''
SHLIB_LD=''
SHLIB_LDFLAGS=''
SHLIB_LIBADD=''
SHLIB_OPENMP_CFLAGS=''
SHLIB_OPENMP_CXXFLAGS=''
SHLIB_OPENMP_FCFLAGS=''
SHLIB_OPENMP_FFLAGS=''
STATICR1=''
STATICR2=''
STRIP='strip'
TAR='/bin/gtar'
TCLTK_CPPFLAGS=''
TCLTK_LIBS=''
TCL_CONFIG=''
TEX='/usr/bin/tex'
TEXI2DVI='/usr/bin/texi2dvi'
TEXI2DVICMD='/usr/bin/texi2dvi'
TIRPC_CPPFLAGS=''
TK_CONFIG=''
USE_EXPORTFILES_FALSE=''
USE_EXPORTFILES_TRUE=''
USE_EXTERNAL_BLAS_FALSE=''
USE_EXTERNAL_BLAS_TRUE=''
USE_EXTERNAL_LAPACK_FALSE=''
USE_EXTERNAL_LAPACK_TRUE=''
USE_ICU=''
USE_ICU_APPLE=''
USE_INCLUDED_LIBINTL=''
USE_MMAP_ZLIB_FALSE=''
USE_MMAP_ZLIB_TRUE=''
USE_NLS=''
USE_NLS_FALSE=''
USE_NLS_TRUE=''
USE_RECOMMENDED_PACKAGES_FALSE=''
USE_RECOMMENDED_PACKAGES_TRUE=''
USE_VECLIB_G95FIX_FALSE=''
USE_VECLIB_G95FIX_TRUE=''
VERSION='3.4.0'
WANT_JAVA_FALSE='#'
WANT_JAVA_TRUE=''
WANT_R_FRAMEWORK_FALSE=''
WANT_R_FRAMEWORK_TRUE='#'
WANT_R_SHLIB_FALSE=''
WANT_R_SHLIB_TRUE='#'
WANT_R_STATIC_FALSE=''
WANT_R_STATIC_TRUE='#'
WHICH='/usr/bin/which'
WOE32DLL=''
XMKMF=''
XTRA_INTL_CPPFLAGS=''
X_CFLAGS=''
X_EXTRA_LIBS=''
X_LIBS=''
X_PRE_LIBS=''
YACC='bison -y'
YFLAGS=''
ac_ct_AR=''
ac_ct_CC='gcc'
ac_ct_CXX='g++'
ac_ct_DUMPBIN=''
ac_ct_F77=''
ac_ct_FC=''
ac_ct_OBJC='gcc'
bindir='${exec_prefix}/bin'
build='x86_64-pc-linux-gnu'
build_alias=''
build_cpu='x86_64'
build_os='linux-gnu'
build_vendor='pc'
config_opts=' '\''--prefix'\'' '\''/var/www/html/research/andrej_alexeyenko/HyperSet/R/lib/rdevel'\'' '\''--without-x'\'''
custom_JAVA_CPPFLAGS=''
custom_JAVA_HOME=''
custom_JAVA_LD_LIBRARY_PATH=''
custom_JAVA_LIBS=''
datadir='${datarootdir}'
datarootdir='${prefix}/share'
docdir='${datarootdir}/doc/${PACKAGE_TARNAME}'
dvidir='${docdir}'
exec_prefix='NONE'
host='x86_64-pc-linux-gnu'
host_alias=''
host_cpu='x86_64'
host_os='linux-gnu'
host_vendor='pc'
htmldir='${docdir}'
includedir='${prefix}/include'
infodir='${datarootdir}/info'
libdir='${exec_prefix}/${LIBnn}'
libexecdir='${exec_prefix}/libexec'
localedir='${datarootdir}/locale'
localstatedir='${prefix}/var'
mandir='${datarootdir}/man'
mkdir_p=''
oldincludedir='/usr/include'
pdfdir='${docdir}'
prefix='/var/www/html/research/andrej_alexeyenko/HyperSet/R/lib/rdevel'
program_transform_name='s,x,x,'
psdir='${docdir}'
r_arch=''
rdocdir='${rhome}/doc'
rincludedir='${rhome}/include'
rsharedir='${rhome}/share'
sbindir='${exec_prefix}/sbin'
sharedstatedir='${prefix}/com'
shlibpath_var='LD_LIBRARY_PATH'
striplib='strip --strip-unneeded'
stripstaticlib='strip --strip-debug'
sysconfdir='${prefix}/etc'
target_alias=''
use_tcltk=''

## ------------------- ##
## File substitutions. ##
## ------------------- ##

r_cc_lo_rules_frag=''
r_cc_rules_frag=''
r_cxx_rules_frag=''
r_objc_rules_frag=''

## ----------- ##
## confdefs.h. ##
## ----------- ##

/* confdefs.h */
#define PACKAGE_NAME "R"
#define PACKAGE_TARNAME "R"
#define PACKAGE_VERSION "3.4.0"
#define PACKAGE_STRING "R 3.4.0"
#define PACKAGE_BUGREPORT "https://bugs.r-project.org"
#define PACKAGE_URL "https://www.r-project.org"
#define PACKAGE "R"
#define VERSION "3.4.0"
#define R_PLATFORM "x86_64-pc-linux-gnu"
#define R_CPU "x86_64"
#define R_VENDOR "pc"
#define R_OS "linux-gnu"
#define Unix 1
#define R_ARCH ""
#define HAVE_VISIBILITY_ATTRIBUTE 1
#define STDC_HEADERS 1
#define HAVE_SYS_TYPES_H 1
#define HAVE_SYS_STAT_H 1
#define HAVE_STDLIB_H 1
#define HAVE_STRING_H 1
#define HAVE_MEMORY_H 1
#define HAVE_STRINGS_H 1
#define HAVE_INTTYPES_H 1
#define HAVE_STDINT_H 1
#define HAVE_UNISTD_H 1
#define __EXTENSIONS__ 1
#define _ALL_SOURCE 1
#define _GNU_SOURCE 1
#define _POSIX_PTHREAD_SEMANTICS 1
#define _TANDEM_SOURCE 1
#define HAVE_DLFCN_H 1
#define LT_OBJDIR ".libs/"
#define HAVE_LIBM 1
#define HAVE_LIBDL 1
#define HAVE_LIBNCURSES 1

configure: exit 1
